[debug] [2023-05-15T02:09:14.545Z] ----------------------------------------------------------------------
[debug] [2023-05-15T02:09:14.547Z] Command:       C:\Program Files\nodejs\node.exe C:\Users\lucas\AppData\Roaming\npm\node_modules\firebase-tools\lib\bin\firebase.js init
[debug] [2023-05-15T02:09:14.547Z] CLI Version:   12.0.0
[debug] [2023-05-15T02:09:14.548Z] Platform:      win32
[debug] [2023-05-15T02:09:14.548Z] Node Version:  v18.16.0
[debug] [2023-05-15T02:09:14.549Z] Time:          Sun May 14 2023 23:09:14 GMT-0300 (hora estándar de Argentina)
[debug] [2023-05-15T02:09:14.549Z] ----------------------------------------------------------------------
[debug] 
[debug] [2023-05-15T02:09:14.556Z] > command requires scopes: ["email","openid","https://www.googleapis.com/auth/cloudplatformprojects.readonly","https://www.googleapis.com/auth/firebase","https://www.googleapis.com/auth/cloud-platform"]
[debug] [2023-05-15T02:09:14.557Z] > authorizing via signed-in user (yoshixd444@gmail.com)
[info] 
     ######## #### ########  ######## ########     ###     ######  ########
     ##        ##  ##     ## ##       ##     ##  ##   ##  ##       ##
     ######    ##  ########  ######   ########  #########  ######  ######
     ##        ##  ##    ##  ##       ##     ## ##     ##       ## ##
     ##       #### ##     ## ######## ########  ##     ##  ######  ########

You're about to initialize a Firebase project in this directory:

  C:\Users\lucas\OneDrive\ESTUDIOS\ARG PROG\ProyectoFinal\ProyectoFinalLucasOrtiz\FrontEnd

[info] 
=== Project Setup
[info] 
[info] First, let's associate this project directory with a Firebase project.
[info] You can create multiple project aliases by running firebase use --add, 
[info] but for now we'll just set up a default project.
[info] 
[debug] [2023-05-15T02:10:42.784Z] > refreshing access token with scopes: []
[debug] [2023-05-15T02:10:42.786Z] >>> [apiv2][query] POST https://www.googleapis.com/oauth2/v3/token [none]
[debug] [2023-05-15T02:10:42.786Z] >>> [apiv2][body] POST https://www.googleapis.com/oauth2/v3/token [omitted]
[debug] [2023-05-15T02:10:43.012Z] <<< [apiv2][status] POST https://www.googleapis.com/oauth2/v3/token 200
[debug] [2023-05-15T02:10:43.012Z] <<< [apiv2][body] POST https://www.googleapis.com/oauth2/v3/token [omitted]
[debug] [2023-05-15T02:10:43.022Z] >>> [apiv2][query] GET https://firebase.googleapis.com/v1beta1/projects pageSize=100
[debug] [2023-05-15T02:10:43.637Z] <<< [apiv2][status] GET https://firebase.googleapis.com/v1beta1/projects 200
[debug] [2023-05-15T02:10:43.637Z] <<< [apiv2][body] GET https://firebase.googleapis.com/v1beta1/projects [omitted]
